d:\program projects\cuda\consoleapplication1\consoleapplication1\debug\consoleapplication1.pch.codeanalysis
d:\program projects\cuda\consoleapplication1\consoleapplication1\debug\vc140.pdb
d:\program projects\cuda\consoleapplication1\consoleapplication1\debug\vc140.idb
d:\program projects\cuda\consoleapplication1\consoleapplication1\debug\consoleapplication1.pch.codeanalysisast
d:\program projects\cuda\consoleapplication1\consoleapplication1\debug\stdafx.nativecodeanalysis.xml
d:\program projects\cuda\consoleapplication1\consoleapplication1\debug\stdafx.obj
d:\program projects\cuda\consoleapplication1\consoleapplication1\debug\consoleapplication1.pch
d:\program projects\cuda\consoleapplication1\consoleapplication1\debug\consoleapplication1.nativecodeanalysis.xml
d:\program projects\cuda\consoleapplication1\consoleapplication1\debug\consoleapplication1.obj
d:\program projects\cuda\consoleapplication1\debug\consoleapplication1.ilk
d:\program projects\cuda\consoleapplication1\debug\consoleapplication1.exe
d:\program projects\cuda\consoleapplication1\debug\consoleapplication1.pdb
d:\program projects\cuda\consoleapplication1\consoleapplication1\debug\nativecodeanalysis.read.1.tlog
d:\program projects\cuda\consoleapplication1\consoleapplication1\debug\vc.nativecodeanalysis.all.xml
d:\program projects\cuda\consoleapplication1\debug\consoleapplication1.exe.lastcodeanalysissucceeded
d:\program projects\cuda\consoleapplication1\consoleapplication1\debug\consolea.8a1cd1de.tlog\cl.command.1.tlog
d:\program projects\cuda\consoleapplication1\consoleapplication1\debug\consolea.8a1cd1de.tlog\cl.read.1.tlog
d:\program projects\cuda\consoleapplication1\consoleapplication1\debug\consolea.8a1cd1de.tlog\cl.write.1.tlog
d:\program projects\cuda\consoleapplication1\consoleapplication1\debug\consolea.8a1cd1de.tlog\link.command.1.tlog
d:\program projects\cuda\consoleapplication1\consoleapplication1\debug\consolea.8a1cd1de.tlog\link.read.1.tlog
d:\program projects\cuda\consoleapplication1\consoleapplication1\debug\consolea.8a1cd1de.tlog\link.write.1.tlog
